Flow report for MSXPi2
Mon Jul 06 10:11:36 2020
Quartus II 64-Bit Version 13.0.1 Build 232 06/12/2013 Service Pack 1 SJ Web Edition


---------------------
; Table of Contents ;
---------------------
  1. Legal Notice
  2. Flow Summary
  3. Flow Settings
  4. Flow Non-Default Global Settings
  5. Flow Elapsed Time
  6. Flow OS Summary
  7. Flow Log
  8. Flow Messages
  9. Flow Suppressed Messages



----------------
; Legal Notice ;
----------------
Copyright (C) 1991-2013 Altera Corporation
Your use of Altera Corporation's design tools, logic functions 
and other software and tools, and its AMPP partner logic 
functions, and any output files from any of the foregoing 
(including device programming or simulation files), and any 
associated documentation or information are expressly subject 
to the terms and conditions of the Altera Program License 
Subscription Agreement, Altera MegaCore Function License 
Agreement, or other applicable license agreement, including, 
without limitation, that your use is for the sole purpose of 
programming logic devices manufactured by Altera and sold by 
Altera or its authorized distributors.  Please refer to the 
applicable agreement for further details.



+-----------------------------------------------------------------------------+
; Flow Summary                                                                ;
+---------------------------+-------------------------------------------------+
; Flow Status               ; Flow Failed - Mon Jul 06 10:11:36 2020          ;
; Quartus II 64-Bit Version ; 13.0.1 Build 232 06/12/2013 SP 1 SJ Web Edition ;
; Revision Name             ; MSXPi2                                          ;
; Top-level Entity Name     ; MSXPi2                                          ;
; Family                    ; MAX7000S                                        ;
; Device                    ; EPM7128SLC84-15                                 ;
; Timing Models             ; Final                                           ;
+---------------------------+-------------------------------------------------+


+-----------------------------------------+
; Flow Settings                           ;
+-------------------+---------------------+
; Option            ; Setting             ;
+-------------------+---------------------+
; Start date & time ; 07/06/2020 10:11:23 ;
; Main task         ; Compilation         ;
; Revision Name     ; MSXPi2              ;
+-------------------+---------------------+


+-----------------------------------------------------------------------------------------------------+
; Flow Non-Default Global Settings                                                                    ;
+--------------------------+-------------------------------+---------------+-------------+------------+
; Assignment Name          ; Value                         ; Default Value ; Entity Name ; Section Id ;
+--------------------------+-------------------------------+---------------+-------------+------------+
; COMPILER_SIGNATURE_ID    ; 8796761971725.159405548203256 ; --            ; --          ; --         ;
; FITTER_EFFORT            ; Standard Fit                  ; Auto Fit      ; --          ; --         ;
; OPTIMIZE_HOLD_TIMING     ; Off                           ; --            ; --          ; --         ;
; PROJECT_OUTPUT_DIRECTORY ; output_files                  ; --            ; --          ; --         ;
+--------------------------+-------------------------------+---------------+-------------+------------+


+--------------------------------------------------------------------------------------------------------------------------+
; Flow Elapsed Time                                                                                                        ;
+----------------------+--------------+-------------------------+---------------------+------------------------------------+
; Module Name          ; Elapsed Time ; Average Processors Used ; Peak Virtual Memory ; Total CPU Time (on all processors) ;
+----------------------+--------------+-------------------------+---------------------+------------------------------------+
; Analysis & Synthesis ; 00:00:23     ; 1.0                     ; 452 MB              ; 00:00:10                           ;
; Total                ; 00:00:23     ; --                      ; --                  ; 00:00:10                           ;
+----------------------+--------------+-------------------------+---------------------+------------------------------------+


+-----------------------------------------------------------------------------------+
; Flow OS Summary                                                                   ;
+----------------------+------------------+-----------+------------+----------------+
; Module Name          ; Machine Hostname ; OS Name   ; OS Version ; Processor type ;
+----------------------+------------------+-----------+------------+----------------+
; Analysis & Synthesis ; VBOXW7-PC        ; Windows 7 ; 6.1        ; x86_64         ;
+----------------------+------------------+-----------+------------+----------------+


------------
; Flow Log ;
------------
quartus_map --read_settings_files=on --write_settings_files=off MSXPi2 -c MSXPi2



